{"/Users/tanguolei/code/other/iostjs/sqrt.js":{"path":"/Users/tanguolei/code/other/iostjs/sqrt.js","s":{"1":1,"2":2,"3":1,"4":1,"5":1},"b":{"1":[1,1]},"f":{"1":2},"fnMap":{"1":{"name":"(anonymous_1)","line":2,"loc":{"start":{"line":2,"column":6},"end":{"line":2,"column":10}}}},"statementMap":{"1":{"start":{"line":1,"column":0},"end":{"line":6,"column":2}},"2":{"start":{"line":3,"column":4},"end":{"line":3,"column":42}},"3":{"start":{"line":3,"column":15},"end":{"line":3,"column":42}},"4":{"start":{"line":4,"column":4},"end":{"line":4,"column":37}},"5":{"start":{"line":8,"column":0},"end":{"line":8,"column":20}}},"branchMap":{"1":{"line":3,"type":"if","locations":[{"start":{"line":3,"column":4},"end":{"line":3,"column":4}},{"start":{"line":3,"column":4},"end":{"line":3,"column":4}}]}}}}